[2023-06-26T06:53:43.277+0200] {taskinstance.py:1103} INFO - Dependencies all met for dep_context=non-requeueable deps ti=<TaskInstance: execute_python.create_folders_and_dockerfiles manual__2023-06-26T04:46:20.386225+00:00 [queued]>
[2023-06-26T06:53:43.290+0200] {taskinstance.py:1103} INFO - Dependencies all met for dep_context=requeueable deps ti=<TaskInstance: execute_python.create_folders_and_dockerfiles manual__2023-06-26T04:46:20.386225+00:00 [queued]>
[2023-06-26T06:53:43.291+0200] {taskinstance.py:1308} INFO - Starting attempt 2 of 2
[2023-06-26T06:53:43.331+0200] {taskinstance.py:1327} INFO - Executing <Task(PythonOperator): create_folders_and_dockerfiles> on 2023-06-26 04:46:20.386225+00:00
[2023-06-26T06:53:43.337+0200] {standard_task_runner.py:57} INFO - Started process 110497 to run task
[2023-06-26T06:53:43.346+0200] {standard_task_runner.py:84} INFO - Running: ['airflow', 'tasks', 'run', 'execute_python', 'create_folders_and_dockerfiles', 'manual__2023-06-26T04:46:20.386225+00:00', '--job-id', '102', '--raw', '--subdir', 'DAGS_FOLDER/thesis_container.py', '--cfg-path', '/tmp/tmp7tm6c6go']
[2023-06-26T06:53:43.366+0200] {standard_task_runner.py:85} INFO - Job 102: Subtask create_folders_and_dockerfiles
[2023-06-26T06:53:43.472+0200] {task_command.py:410} INFO - Running <TaskInstance: execute_python.create_folders_and_dockerfiles manual__2023-06-26T04:46:20.386225+00:00 [running]> on host DESKTOP-3KJU1M7.
[2023-06-26T06:53:43.574+0200] {taskinstance.py:1545} INFO - Exporting env vars: AIRFLOW_CTX_DAG_OWNER='airflow' AIRFLOW_CTX_DAG_ID='execute_python' AIRFLOW_CTX_TASK_ID='create_folders_and_dockerfiles' AIRFLOW_CTX_EXECUTION_DATE='2023-06-26T04:46:20.386225+00:00' AIRFLOW_CTX_TRY_NUMBER='2' AIRFLOW_CTX_DAG_RUN_ID='manual__2023-06-26T04:46:20.386225+00:00'
[2023-06-26T06:53:43.579+0200] {taskinstance.py:1824} ERROR - Task failed with exception
Traceback (most recent call last):
  File "/home/reynel1995/thesis/lib/python3.10/site-packages/airflow/operators/python.py", line 181, in execute
    return_value = self.execute_callable()
  File "/home/reynel1995/thesis/lib/python3.10/site-packages/airflow/operators/python.py", line 198, in execute_callable
    return self.python_callable(*self.op_args, **self.op_kwargs)
TypeError: create_folders_and_dockerfiles() missing 1 required positional argument: 'index'
[2023-06-26T06:53:43.586+0200] {taskinstance.py:1345} INFO - Marking task as FAILED. dag_id=execute_python, task_id=create_folders_and_dockerfiles, execution_date=20230626T044620, start_date=20230626T045343, end_date=20230626T045343
[2023-06-26T06:53:43.607+0200] {standard_task_runner.py:104} ERROR - Failed to execute job 102 for task create_folders_and_dockerfiles (create_folders_and_dockerfiles() missing 1 required positional argument: 'index'; 110497)
[2023-06-26T06:53:43.636+0200] {local_task_job_runner.py:225} INFO - Task exited with return code 1
[2023-06-26T06:53:43.707+0200] {taskinstance.py:2651} INFO - 0 downstream tasks scheduled from follow-on schedule check
